<?xml version="1.0" encoding="UTF-8"?>
<testsuite name="com.gradle.base.DefaultSampleServiceTest" tests="1" skipped="0" failures="0" errors="0" timestamp="2017-06-09T09:53:47" hostname="rafa-beabloo" time="0.094">
  <properties/>
  <testcase name="testGetStatus" classname="com.gradle.base.DefaultSampleServiceTest" time="0.094"/>
  <system-out><![CDATA[]]></system-out>
  <system-err><![CDATA[]]></system-err>
</testsuite>
